The log of adding software
The log matches that in Ubuntu 20.04 system.

1. htop
 a. bbfile: meta-openembedded/meta-oe/recipes-support/htop/htop_2.2.0.bb
 b. software location: /usr/bin/htop
 c. version: 2.2.0
 d. image size: 11MiB
 e. no color on htop (does not support escaping), don't know why

2. libev
 a. bbfile: meta-openembedded/meta-oe/recipes-connectivity/libev/libev_4.33.bb
 b. software location: /usr/lib/libev.so.4
 c. version: 4.33
 b. image size: 14 MiB
 e. 

3. libgpiod-tools
 a. bbfile: meta-openembedded/meta-oe/recipes-support/libgpiod/libgpiod_1.4.3.bb
 b. software location:
        /usr/bin/gpiodetect
        /usr/bin/gpioinfo
        /usr/bin/gpioset
        /usr/bin/gpioget
        /usr/bin/gpiofind
        /usr/bin/gpiomon
        /usr/lib/libgpiod.so.2
        /usr/lib/libgpiodcxx.so.1.0.4
        /usr/lib/libgpiodcxx.so.1
        /usr/lib/libgpiod.so.2.1.3
 c. version: 1.4.3
 d. image size: 15 MiB
 e. 

4. yaml-cpp (yaml parser for C++)
 a. bbfile: meta-zhou/recipes-devtools/yaml-cpp/yaml-cpp_0.6.2.bb
 b. software location: /usr/lib/libyaml-cpp.so.0.6
 c. version: 0.6.2
 d. image size: 15 MiB

5. boost
 a. bbfile: poky/meta/recipes-support/boost/boost_1.72.0.bb
 b. software location: /usr/lib/libboost_**.so**
 c. version: 1.72.0
 d. image size: 30 MiB

6. libiio
 a. bbifile: meta-openembedded/meta-oe/recipes-support/libiio/libiio_git.bb
 b. software location: 
        /usr/lib/libiio.so.0.19
        /sys/bus/iio
        /sys/bus/platofrm/drivers/iio_hwmon
        /sys/kernel/debug/iio
        (cannot find iio_info)
 c. version: 0.19 (PV in bbfile in meta-openembedded)
 d. image size: 32 MiB
 e. in Ubuntu 18.04, the bbfile shows 0.21, weird. If copy this bb file
    (the same path) to this repo, under recipes-support/ directory, the
    built image will use 0.21 version (then, there are recipes libiio_git.bb
    files in the build system)

7. iwd
 a. bbfile: meta-openembedded/meta-oe/recipes-connectivity/iwd/iwd_1.6.bb
 b. software location:
 c. version: 1.6 (PV in bbfile in meta-openembedded)
 d. image size: 33 MiB
 e. using the iwd_1.9.bb file, does not work, the build fails
 f. it needs some other things, for example, the wifi driver, to work. error:
    the name net.connman.iwd was not provided by any .service files
    Failed to retrive IWD dbus objects, quitting...

TO ADD:
1. libeigen
    failed: Could not invoke dnf. Command, because the recipe
        meta-openembedded/meta-oe/recipes-support/libeigen/libeigen_3.3.7.bb
    uses the bitbucket for its source, need to fix.

2. spdlog